{"C:\\Users\\Utilisateur\\Documents\\ia-prediction\\Best_Blog_Life\\FrontEndBBL\\src\\components\\articles\\ArticleCard.tsx": {"path":"C:\\Users\\Utilisateur\\Documents\\ia-prediction\\Best_Blog_Life\\FrontEndBBL\\src\\components\\articles\\ArticleCard.tsx","statementMap":{"0":{"start":{"line":17,"column":55},"end":{"line":91,"column":null}},"1":{"start":{"line":18,"column":4},"end":{"line":89,"column":null}},"2":{"start":{"line":30,"column":39},"end":{"line":30,"column":null}},"3":{"start":{"line":38,"column":35},"end":{"line":38,"column":null}},"4":{"start":{"line":57,"column":32},"end":{"line":57,"column":null}},"5":{"start":{"line":58,"column":32},"end":{"line":58,"column":null}},"6":{"start":{"line":71,"column":43},"end":{"line":71,"column":null}},"7":{"start":{"line":81,"column":39},"end":{"line":81,"column":null}}},"fnMap":{"0":{"name":"(anonymous_0)","decl":{"start":{"line":17,"column":55},"end":{"line":17,"column":56}},"loc":{"start":{"line":17,"column":88},"end":{"line":91,"column":null}},"line":17},"1":{"name":"(anonymous_1)","decl":{"start":{"line":30,"column":33},"end":{"line":30,"column":39}},"loc":{"start":{"line":30,"column":39},"end":{"line":30,"column":null}},"line":30},"2":{"name":"(anonymous_2)","decl":{"start":{"line":38,"column":29},"end":{"line":38,"column":35}},"loc":{"start":{"line":38,"column":35},"end":{"line":38,"column":null}},"line":38},"3":{"name":"(anonymous_3)","decl":{"start":{"line":56,"column":37},"end":{"line":56,"column":38}},"loc":{"start":{"line":56,"column":44},"end":{"line":59,"column":null}},"line":56},"4":{"name":"(anonymous_4)","decl":{"start":{"line":71,"column":37},"end":{"line":71,"column":43}},"loc":{"start":{"line":71,"column":43},"end":{"line":71,"column":null}},"line":71},"5":{"name":"(anonymous_5)","decl":{"start":{"line":81,"column":33},"end":{"line":81,"column":39}},"loc":{"start":{"line":81,"column":39},"end":{"line":81,"column":null}},"line":81}},"branchMap":{"0":{"loc":{"start":{"line":21,"column":17},"end":{"line":25,"column":null}},"type":"binary-expr","locations":[{"start":{"line":21,"column":17},"end":{"line":21,"column":null}},{"start":{"line":22,"column":20},"end":{"line":25,"column":null}}],"line":21},"1":{"loc":{"start":{"line":65,"column":46},"end":{"line":65,"column":103}},"type":"cond-expr","locations":[{"start":{"line":65,"column":71},"end":{"line":65,"column":101}},{"start":{"line":65,"column":101},"end":{"line":65,"column":103}}],"line":65},"2":{"loc":{"start":{"line":76,"column":59},"end":{"line":76,"column":86}},"type":"binary-expr","locations":[{"start":{"line":76,"column":59},"end":{"line":76,"column":84}},{"start":{"line":76,"column":84},"end":{"line":76,"column":86}}],"line":76}},"s":{"0":1,"1":4,"2":0,"3":0,"4":1,"5":1,"6":0,"7":0},"f":{"0":4,"1":0,"2":0,"3":1,"4":0,"5":0},"b":{"0":[4,0],"1":[4,0],"2":[4,0]},"meta":{"lastBranch":3,"lastFunction":6,"lastStatement":8,"seen":{"s:17:55:91:Infinity":0,"f:17:55:17:56":0,"s:18:4:89:Infinity":1,"b:21:17:21:Infinity:22:20:25:Infinity":0,"f:30:33:30:39":1,"s:30:39:30:Infinity":2,"f:38:29:38:35":2,"s:38:35:38:Infinity":3,"f:56:37:56:38":3,"s:57:32:57:Infinity":4,"s:58:32:58:Infinity":5,"b:65:71:65:101:65:101:65:103":1,"f:71:37:71:43":4,"s:71:43:71:Infinity":6,"b:76:59:76:84:76:84:76:86":2,"f:81:33:81:39":5,"s:81:39:81:Infinity":7}}}
,"C:\\Users\\Utilisateur\\Documents\\ia-prediction\\Best_Blog_Life\\FrontEndBBL\\src\\components\\common\\Button.tsx": {"path":"C:\\Users\\Utilisateur\\Documents\\ia-prediction\\Best_Blog_Life\\FrontEndBBL\\src\\components\\common\\Button.tsx","statementMap":{"0":{"start":{"line":13,"column":45},"end":{"line":47,"column":null}},"1":{"start":{"line":20,"column":23},"end":{"line":20,"column":null}},"2":{"start":{"line":26,"column":26},"end":{"line":31,"column":null}},"3":{"start":{"line":33,"column":23},"end":{"line":37,"column":null}},"4":{"start":{"line":39,"column":4},"end":{"line":45,"column":null}}},"fnMap":{"0":{"name":"(anonymous_0)","decl":{"start":{"line":13,"column":45},"end":{"line":13,"column":46}},"loc":{"start":{"line":19,"column":6},"end":{"line":47,"column":null}},"line":19}},"branchMap":{"0":{"loc":{"start":{"line":14,"column":4},"end":{"line":14,"column":null}},"type":"default-arg","locations":[{"start":{"line":14,"column":14},"end":{"line":14,"column":null}}],"line":14},"1":{"loc":{"start":{"line":15,"column":4},"end":{"line":15,"column":null}},"type":"default-arg","locations":[{"start":{"line":15,"column":11},"end":{"line":15,"column":null}}],"line":15},"2":{"loc":{"start":{"line":17,"column":4},"end":{"line":17,"column":null}},"type":"default-arg","locations":[{"start":{"line":17,"column":16},"end":{"line":17,"column":null}}],"line":17}},"s":{"0":1,"1":5,"2":5,"3":5,"4":5},"f":{"0":5},"b":{"0":[5],"1":[5],"2":[5]},"meta":{"lastBranch":3,"lastFunction":1,"lastStatement":5,"seen":{"s:13:45:47:Infinity":0,"f:13:45:13:46":0,"b:14:14:14:Infinity":0,"b:15:11:15:Infinity":1,"b:17:16:17:Infinity":2,"s:20:23:20:Infinity":1,"s:26:26:31:Infinity":2,"s:33:23:37:Infinity":3,"s:39:4:45:Infinity":4}}}
,"C:\\Users\\Utilisateur\\Documents\\ia-prediction\\Best_Blog_Life\\FrontEndBBL\\src\\components\\common\\Input.tsx": {"path":"C:\\Users\\Utilisateur\\Documents\\ia-prediction\\Best_Blog_Life\\FrontEndBBL\\src\\components\\common\\Input.tsx","statementMap":{"0":{"start":{"line":12,"column":43},"end":{"line":44,"column":null}},"1":{"start":{"line":18,"column":4},"end":{"line":42,"column":null}}},"fnMap":{"0":{"name":"(anonymous_0)","decl":{"start":{"line":12,"column":43},"end":{"line":12,"column":44}},"loc":{"start":{"line":17,"column":6},"end":{"line":44,"column":null}},"line":17}},"branchMap":{"0":{"loc":{"start":{"line":15,"column":4},"end":{"line":15,"column":null}},"type":"default-arg","locations":[{"start":{"line":15,"column":16},"end":{"line":15,"column":null}}],"line":15},"1":{"loc":{"start":{"line":20,"column":13},"end":{"line":23,"column":null}},"type":"binary-expr","locations":[{"start":{"line":20,"column":13},"end":{"line":20,"column":null}},{"start":{"line":21,"column":16},"end":{"line":23,"column":null}}],"line":20},"2":{"loc":{"start":{"line":34,"column":22},"end":{"line":34,"column":66}},"type":"cond-expr","locations":[{"start":{"line":34,"column":30},"end":{"line":34,"column":49}},{"start":{"line":34,"column":49},"end":{"line":34,"column":66}}],"line":34},"3":{"loc":{"start":{"line":39,"column":13},"end":{"line":40,"column":null}},"type":"binary-expr","locations":[{"start":{"line":39,"column":13},"end":{"line":39,"column":null}},{"start":{"line":40,"column":16},"end":{"line":40,"column":null}}],"line":39}},"s":{"0":1,"1":4},"f":{"0":4},"b":{"0":[4],"1":[4,1],"2":[2,2],"3":[4,2]},"meta":{"lastBranch":4,"lastFunction":1,"lastStatement":2,"seen":{"s:12:43:44:Infinity":0,"f:12:43:12:44":0,"b:15:16:15:Infinity":0,"s:18:4:42:Infinity":1,"b:20:13:20:Infinity:21:16:23:Infinity":1,"b:34:30:34:49:34:49:34:66":2,"b:39:13:39:Infinity:40:16:40:Infinity":3}}}
,"C:\\Users\\Utilisateur\\Documents\\ia-prediction\\Best_Blog_Life\\FrontEndBBL\\src\\components\\common\\SearchBar.tsx": {"path":"C:\\Users\\Utilisateur\\Documents\\ia-prediction\\Best_Blog_Life\\FrontEndBBL\\src\\components\\common\\SearchBar.tsx","statementMap":{"0":{"start":{"line":14,"column":51},"end":{"line":54,"column":null}},"1":{"start":{"line":20,"column":4},"end":{"line":52,"column":null}},"2":{"start":{"line":25,"column":33},"end":{"line":25,"column":null}}},"fnMap":{"0":{"name":"(anonymous_0)","decl":{"start":{"line":14,"column":51},"end":{"line":14,"column":52}},"loc":{"start":{"line":19,"column":6},"end":{"line":54,"column":null}},"line":19},"1":{"name":"(anonymous_1)","decl":{"start":{"line":25,"column":26},"end":{"line":25,"column":27}},"loc":{"start":{"line":25,"column":33},"end":{"line":25,"column":null}},"line":25}},"branchMap":{"0":{"loc":{"start":{"line":18,"column":4},"end":{"line":18,"column":null}},"type":"default-arg","locations":[{"start":{"line":18,"column":18},"end":{"line":18,"column":null}}],"line":18},"1":{"loc":{"start":{"line":44,"column":13},"end":{"line":50,"column":null}},"type":"binary-expr","locations":[{"start":{"line":44,"column":13},"end":{"line":44,"column":22}},{"start":{"line":44,"column":22},"end":{"line":44,"column":null}},{"start":{"line":45,"column":16},"end":{"line":50,"column":null}}],"line":44}},"s":{"0":1,"1":3,"2":1},"f":{"0":3,"1":1},"b":{"0":[3],"1":[3,1,1]},"meta":{"lastBranch":2,"lastFunction":2,"lastStatement":3,"seen":{"s:14:51:54:Infinity":0,"f:14:51:14:52":0,"b:18:18:18:Infinity":0,"s:20:4:52:Infinity":1,"f:25:26:25:27":1,"s:25:33:25:Infinity":2,"b:44:13:44:22:44:22:44:Infinity:45:16:50:Infinity":1}}}
,"C:\\Users\\Utilisateur\\Documents\\ia-prediction\\Best_Blog_Life\\FrontEndBBL\\src\\services\\articleService.ts": {"path":"C:\\Users\\Utilisateur\\Documents\\ia-prediction\\Best_Blog_Life\\FrontEndBBL\\src\\services\\articleService.ts","statementMap":{"0":{"start":{"line":9,"column":33},"end":{"line":9,"column":null}},"1":{"start":{"line":13,"column":8},"end":{"line":20,"column":null}},"2":{"start":{"line":14,"column":27},"end":{"line":14,"column":null}},"3":{"start":{"line":15,"column":29},"end":{"line":15,"column":null}},"4":{"start":{"line":16,"column":12},"end":{"line":16,"column":null}},"5":{"start":{"line":18,"column":12},"end":{"line":18,"column":null}},"6":{"start":{"line":19,"column":12},"end":{"line":19,"column":null}},"7":{"start":{"line":26,"column":8},"end":{"line":32,"column":null}},"8":{"start":{"line":27,"column":29},"end":{"line":27,"column":null}},"9":{"start":{"line":28,"column":12},"end":{"line":28,"column":null}},"10":{"start":{"line":30,"column":12},"end":{"line":30,"column":null}},"11":{"start":{"line":31,"column":12},"end":{"line":31,"column":null}},"12":{"start":{"line":38,"column":8},"end":{"line":44,"column":null}},"13":{"start":{"line":39,"column":29},"end":{"line":39,"column":null}},"14":{"start":{"line":40,"column":12},"end":{"line":40,"column":null}},"15":{"start":{"line":42,"column":12},"end":{"line":42,"column":null}},"16":{"start":{"line":43,"column":12},"end":{"line":43,"column":null}},"17":{"start":{"line":54,"column":8},"end":{"line":70,"column":null}},"18":{"start":{"line":55,"column":29},"end":{"line":62,"column":null}},"19":{"start":{"line":63,"column":12},"end":{"line":63,"column":null}},"20":{"start":{"line":65,"column":12},"end":{"line":65,"column":null}},"21":{"start":{"line":66,"column":12},"end":{"line":68,"column":null}},"22":{"start":{"line":67,"column":16},"end":{"line":67,"column":null}},"23":{"start":{"line":69,"column":12},"end":{"line":69,"column":null}},"24":{"start":{"line":75,"column":8},"end":{"line":85,"column":null}},"25":{"start":{"line":76,"column":12},"end":{"line":78,"column":null}},"26":{"start":{"line":80,"column":12},"end":{"line":80,"column":null}},"27":{"start":{"line":81,"column":12},"end":{"line":83,"column":null}},"28":{"start":{"line":82,"column":16},"end":{"line":82,"column":null}},"29":{"start":{"line":84,"column":12},"end":{"line":84,"column":null}},"30":{"start":{"line":90,"column":8},"end":{"line":96,"column":null}},"31":{"start":{"line":91,"column":29},"end":{"line":91,"column":null}},"32":{"start":{"line":92,"column":12},"end":{"line":92,"column":null}},"33":{"start":{"line":94,"column":12},"end":{"line":94,"column":null}},"34":{"start":{"line":95,"column":12},"end":{"line":95,"column":null}}},"fnMap":{"0":{"name":"(anonymous_0)","decl":{"start":{"line":11,"column":10},"end":{"line":11,"column":25}},"loc":{"start":{"line":11,"column":62},"end":{"line":21,"column":null}},"line":11},"1":{"name":"(anonymous_1)","decl":{"start":{"line":24,"column":10},"end":{"line":24,"column":25}},"loc":{"start":{"line":24,"column":55},"end":{"line":33,"column":null}},"line":24},"2":{"name":"(anonymous_2)","decl":{"start":{"line":36,"column":10},"end":{"line":36,"column":24}},"loc":{"start":{"line":36,"column":92},"end":{"line":45,"column":null}},"line":36},"3":{"name":"(anonymous_3)","decl":{"start":{"line":48,"column":10},"end":{"line":48,"column":null}},"loc":{"start":{"line":52,"column":24},"end":{"line":71,"column":null}},"line":52},"4":{"name":"(anonymous_4)","decl":{"start":{"line":73,"column":10},"end":{"line":73,"column":24}},"loc":{"start":{"line":73,"column":69},"end":{"line":86,"column":null}},"line":73},"5":{"name":"(anonymous_5)","decl":{"start":{"line":88,"column":10},"end":{"line":88,"column":22}},"loc":{"start":{"line":88,"column":52},"end":{"line":97,"column":null}},"line":88}},"branchMap":{"0":{"loc":{"start":{"line":14,"column":27},"end":{"line":14,"column":null}},"type":"cond-expr","locations":[{"start":{"line":14,"column":36},"end":{"line":14,"column":49}},{"start":{"line":14,"column":49},"end":{"line":14,"column":null}}],"line":14},"1":{"loc":{"start":{"line":66,"column":12},"end":{"line":68,"column":null}},"type":"if","locations":[{"start":{"line":66,"column":12},"end":{"line":68,"column":null}},{"start":{},"end":{}}],"line":66},"2":{"loc":{"start":{"line":81,"column":12},"end":{"line":83,"column":null}},"type":"if","locations":[{"start":{"line":81,"column":12},"end":{"line":83,"column":null}},{"start":{},"end":{}}],"line":81}},"s":{"0":1,"1":3,"2":3,"3":3,"4":2,"5":1,"6":1,"7":0,"8":0,"9":0,"10":0,"11":0,"12":1,"13":1,"14":1,"15":0,"16":0,"17":0,"18":0,"19":0,"20":0,"21":0,"22":0,"23":0,"24":1,"25":1,"26":0,"27":0,"28":0,"29":0,"30":1,"31":1,"32":1,"33":0,"34":0},"f":{"0":3,"1":0,"2":1,"3":0,"4":1,"5":1},"b":{"0":[1,2],"1":[0,0],"2":[0,0]},"meta":{"lastBranch":3,"lastFunction":6,"lastStatement":35,"seen":{"s:9:33:9:Infinity":0,"f:11:10:11:25":0,"s:13:8:20:Infinity":1,"s:14:27:14:Infinity":2,"b:14:36:14:49:14:49:14:Infinity":0,"s:15:29:15:Infinity":3,"s:16:12:16:Infinity":4,"s:18:12:18:Infinity":5,"s:19:12:19:Infinity":6,"f:24:10:24:25":1,"s:26:8:32:Infinity":7,"s:27:29:27:Infinity":8,"s:28:12:28:Infinity":9,"s:30:12:30:Infinity":10,"s:31:12:31:Infinity":11,"f:36:10:36:24":2,"s:38:8:44:Infinity":12,"s:39:29:39:Infinity":13,"s:40:12:40:Infinity":14,"s:42:12:42:Infinity":15,"s:43:12:43:Infinity":16,"f:48:10:48:Infinity":3,"s:54:8:70:Infinity":17,"s:55:29:62:Infinity":18,"s:63:12:63:Infinity":19,"s:65:12:65:Infinity":20,"b:66:12:68:Infinity:undefined:undefined:undefined:undefined":1,"s:66:12:68:Infinity":21,"s:67:16:67:Infinity":22,"s:69:12:69:Infinity":23,"f:73:10:73:24":4,"s:75:8:85:Infinity":24,"s:76:12:78:Infinity":25,"s:80:12:80:Infinity":26,"b:81:12:83:Infinity:undefined:undefined:undefined:undefined":2,"s:81:12:83:Infinity":27,"s:82:16:82:Infinity":28,"s:84:12:84:Infinity":29,"f:88:10:88:22":5,"s:90:8:96:Infinity":30,"s:91:29:91:Infinity":31,"s:92:12:92:Infinity":32,"s:94:12:94:Infinity":33,"s:95:12:95:Infinity":34}}}
,"C:\\Users\\Utilisateur\\Documents\\ia-prediction\\Best_Blog_Life\\FrontEndBBL\\src\\utils\\dateFormatter.ts": {"path":"C:\\Users\\Utilisateur\\Documents\\ia-prediction\\Best_Blog_Life\\FrontEndBBL\\src\\utils\\dateFormatter.ts","statementMap":{"0":{"start":{"line":5,"column":26},"end":{"line":11,"column":null}},"1":{"start":{"line":6,"column":4},"end":{"line":10,"column":null}},"2":{"start":{"line":13,"column":30},"end":{"line":21,"column":null}},"3":{"start":{"line":14,"column":4},"end":{"line":20,"column":null}},"4":{"start":{"line":23,"column":34},"end":{"line":34,"column":null}},"5":{"start":{"line":24,"column":17},"end":{"line":24,"column":null}},"6":{"start":{"line":25,"column":16},"end":{"line":25,"column":null}},"7":{"start":{"line":26,"column":26},"end":{"line":26,"column":null}},"8":{"start":{"line":28,"column":4},"end":{"line":28,"column":null}},"9":{"start":{"line":28,"column":28},"end":{"line":28,"column":null}},"10":{"start":{"line":29,"column":4},"end":{"line":29,"column":null}},"11":{"start":{"line":29,"column":30},"end":{"line":29,"column":null}},"12":{"start":{"line":30,"column":4},"end":{"line":30,"column":null}},"13":{"start":{"line":30,"column":31},"end":{"line":30,"column":null}},"14":{"start":{"line":31,"column":4},"end":{"line":31,"column":null}},"15":{"start":{"line":31,"column":32},"end":{"line":31,"column":null}},"16":{"start":{"line":33,"column":4},"end":{"line":33,"column":null}}},"fnMap":{"0":{"name":"(anonymous_0)","decl":{"start":{"line":5,"column":26},"end":{"line":5,"column":27}},"loc":{"start":{"line":5,"column":58},"end":{"line":11,"column":null}},"line":5},"1":{"name":"(anonymous_1)","decl":{"start":{"line":13,"column":30},"end":{"line":13,"column":31}},"loc":{"start":{"line":13,"column":62},"end":{"line":21,"column":null}},"line":13},"2":{"name":"(anonymous_2)","decl":{"start":{"line":23,"column":34},"end":{"line":23,"column":35}},"loc":{"start":{"line":23,"column":66},"end":{"line":34,"column":null}},"line":23}},"branchMap":{"0":{"loc":{"start":{"line":28,"column":4},"end":{"line":28,"column":null}},"type":"if","locations":[{"start":{"line":28,"column":4},"end":{"line":28,"column":null}},{"start":{},"end":{}}],"line":28},"1":{"loc":{"start":{"line":29,"column":4},"end":{"line":29,"column":null}},"type":"if","locations":[{"start":{"line":29,"column":4},"end":{"line":29,"column":null}},{"start":{},"end":{}}],"line":29},"2":{"loc":{"start":{"line":30,"column":4},"end":{"line":30,"column":null}},"type":"if","locations":[{"start":{"line":30,"column":4},"end":{"line":30,"column":null}},{"start":{},"end":{}}],"line":30},"3":{"loc":{"start":{"line":31,"column":4},"end":{"line":31,"column":null}},"type":"if","locations":[{"start":{"line":31,"column":4},"end":{"line":31,"column":null}},{"start":{},"end":{}}],"line":31}},"s":{"0":2,"1":5,"2":2,"3":0,"4":2,"5":7,"6":7,"7":7,"8":7,"9":1,"10":6,"11":6,"12":5,"13":1,"14":4,"15":0,"16":4},"f":{"0":5,"1":0,"2":7},"b":{"0":[1,6],"1":[1,5],"2":[1,4],"3":[0,4]},"meta":{"lastBranch":4,"lastFunction":3,"lastStatement":17,"seen":{"s:5:26:11:Infinity":0,"f:5:26:5:27":0,"s:6:4:10:Infinity":1,"s:13:30:21:Infinity":2,"f:13:30:13:31":1,"s:14:4:20:Infinity":3,"s:23:34:34:Infinity":4,"f:23:34:23:35":2,"s:24:17:24:Infinity":5,"s:25:16:25:Infinity":6,"s:26:26:26:Infinity":7,"b:28:4:28:Infinity:undefined:undefined:undefined:undefined":0,"s:28:4:28:Infinity":8,"s:28:28:28:Infinity":9,"b:29:4:29:Infinity:undefined:undefined:undefined:undefined":1,"s:29:4:29:Infinity":10,"s:29:30:29:Infinity":11,"b:30:4:30:Infinity:undefined:undefined:undefined:undefined":2,"s:30:4:30:Infinity":12,"s:30:31:30:Infinity":13,"b:31:4:31:Infinity:undefined:undefined:undefined:undefined":3,"s:31:4:31:Infinity":14,"s:31:32:31:Infinity":15,"s:33:4:33:Infinity":16}}}
,"C:\\Users\\Utilisateur\\Documents\\ia-prediction\\Best_Blog_Life\\FrontEndBBL\\src\\utils\\validators.ts": {"path":"C:\\Users\\Utilisateur\\Documents\\ia-prediction\\Best_Blog_Life\\FrontEndBBL\\src\\utils\\validators.ts","statementMap":{"0":{"start":{"line":5,"column":36},"end":{"line":16,"column":null}},"1":{"start":{"line":6,"column":4},"end":{"line":8,"column":null}},"2":{"start":{"line":7,"column":8},"end":{"line":7,"column":null}},"3":{"start":{"line":9,"column":4},"end":{"line":11,"column":null}},"4":{"start":{"line":10,"column":8},"end":{"line":10,"column":null}},"5":{"start":{"line":12,"column":4},"end":{"line":14,"column":null}},"6":{"start":{"line":13,"column":8},"end":{"line":13,"column":null}},"7":{"start":{"line":15,"column":4},"end":{"line":15,"column":null}},"8":{"start":{"line":18,"column":38},"end":{"line":26,"column":null}},"9":{"start":{"line":19,"column":4},"end":{"line":21,"column":null}},"10":{"start":{"line":20,"column":8},"end":{"line":20,"column":null}},"11":{"start":{"line":22,"column":4},"end":{"line":24,"column":null}},"12":{"start":{"line":23,"column":8},"end":{"line":23,"column":null}},"13":{"start":{"line":25,"column":4},"end":{"line":25,"column":null}},"14":{"start":{"line":28,"column":30},"end":{"line":39,"column":null}},"15":{"start":{"line":29,"column":4},"end":{"line":31,"column":null}},"16":{"start":{"line":30,"column":8},"end":{"line":30,"column":null}},"17":{"start":{"line":32,"column":4},"end":{"line":34,"column":null}},"18":{"start":{"line":33,"column":8},"end":{"line":33,"column":null}},"19":{"start":{"line":35,"column":4},"end":{"line":37,"column":null}},"20":{"start":{"line":36,"column":8},"end":{"line":36,"column":null}},"21":{"start":{"line":38,"column":4},"end":{"line":38,"column":null}}},"fnMap":{"0":{"name":"(anonymous_0)","decl":{"start":{"line":5,"column":36},"end":{"line":5,"column":37}},"loc":{"start":{"line":5,"column":70},"end":{"line":16,"column":null}},"line":5},"1":{"name":"(anonymous_1)","decl":{"start":{"line":18,"column":38},"end":{"line":18,"column":39}},"loc":{"start":{"line":18,"column":74},"end":{"line":26,"column":null}},"line":18},"2":{"name":"(anonymous_2)","decl":{"start":{"line":28,"column":30},"end":{"line":28,"column":31}},"loc":{"start":{"line":28,"column":65},"end":{"line":39,"column":null}},"line":28}},"branchMap":{"0":{"loc":{"start":{"line":6,"column":4},"end":{"line":8,"column":null}},"type":"if","locations":[{"start":{"line":6,"column":4},"end":{"line":8,"column":null}},{"start":{},"end":{}}],"line":6},"1":{"loc":{"start":{"line":9,"column":4},"end":{"line":11,"column":null}},"type":"if","locations":[{"start":{"line":9,"column":4},"end":{"line":11,"column":null}},{"start":{},"end":{}}],"line":9},"2":{"loc":{"start":{"line":12,"column":4},"end":{"line":14,"column":null}},"type":"if","locations":[{"start":{"line":12,"column":4},"end":{"line":14,"column":null}},{"start":{},"end":{}}],"line":12},"3":{"loc":{"start":{"line":19,"column":4},"end":{"line":21,"column":null}},"type":"if","locations":[{"start":{"line":19,"column":4},"end":{"line":21,"column":null}},{"start":{},"end":{}}],"line":19},"4":{"loc":{"start":{"line":22,"column":4},"end":{"line":24,"column":null}},"type":"if","locations":[{"start":{"line":22,"column":4},"end":{"line":24,"column":null}},{"start":{},"end":{}}],"line":22},"5":{"loc":{"start":{"line":29,"column":4},"end":{"line":31,"column":null}},"type":"if","locations":[{"start":{"line":29,"column":4},"end":{"line":31,"column":null}},{"start":{},"end":{}}],"line":29},"6":{"loc":{"start":{"line":32,"column":4},"end":{"line":34,"column":null}},"type":"if","locations":[{"start":{"line":32,"column":4},"end":{"line":34,"column":null}},{"start":{},"end":{}}],"line":32},"7":{"loc":{"start":{"line":35,"column":4},"end":{"line":37,"column":null}},"type":"if","locations":[{"start":{"line":35,"column":4},"end":{"line":37,"column":null}},{"start":{},"end":{}}],"line":35}},"s":{"0":1,"1":5,"2":2,"3":3,"4":1,"5":2,"6":1,"7":1,"8":1,"9":3,"10":1,"11":2,"12":1,"13":1,"14":1,"15":4,"16":1,"17":3,"18":1,"19":2,"20":1,"21":1},"f":{"0":5,"1":3,"2":4},"b":{"0":[2,3],"1":[1,2],"2":[1,1],"3":[1,2],"4":[1,1],"5":[1,3],"6":[1,2],"7":[1,1]},"meta":{"lastBranch":8,"lastFunction":3,"lastStatement":22,"seen":{"s:5:36:16:Infinity":0,"f:5:36:5:37":0,"b:6:4:8:Infinity:undefined:undefined:undefined:undefined":0,"s:6:4:8:Infinity":1,"s:7:8:7:Infinity":2,"b:9:4:11:Infinity:undefined:undefined:undefined:undefined":1,"s:9:4:11:Infinity":3,"s:10:8:10:Infinity":4,"b:12:4:14:Infinity:undefined:undefined:undefined:undefined":2,"s:12:4:14:Infinity":5,"s:13:8:13:Infinity":6,"s:15:4:15:Infinity":7,"s:18:38:26:Infinity":8,"f:18:38:18:39":1,"b:19:4:21:Infinity:undefined:undefined:undefined:undefined":3,"s:19:4:21:Infinity":9,"s:20:8:20:Infinity":10,"b:22:4:24:Infinity:undefined:undefined:undefined:undefined":4,"s:22:4:24:Infinity":11,"s:23:8:23:Infinity":12,"s:25:4:25:Infinity":13,"s:28:30:39:Infinity":14,"f:28:30:28:31":2,"b:29:4:31:Infinity:undefined:undefined:undefined:undefined":5,"s:29:4:31:Infinity":15,"s:30:8:30:Infinity":16,"b:32:4:34:Infinity:undefined:undefined:undefined:undefined":6,"s:32:4:34:Infinity":17,"s:33:8:33:Infinity":18,"b:35:4:37:Infinity:undefined:undefined:undefined:undefined":7,"s:35:4:37:Infinity":19,"s:36:8:36:Infinity":20,"s:38:4:38:Infinity":21}}}
}
