{"C:\\Users\\Utilisateur\\Documents\\ia-prediction\\Best_Blog_Life\\FrontEndBBL\\src\\components\\articles\\ArticleCard.tsx": {"path":"C:\\Users\\Utilisateur\\Documents\\ia-prediction\\Best_Blog_Life\\FrontEndBBL\\src\\components\\articles\\ArticleCard.tsx","statementMap":{"0":{"start":{"line":18,"column":55},"end":{"line":87,"column":null}},"1":{"start":{"line":25,"column":4},"end":{"line":85,"column":null}},"2":{"start":{"line":43,"column":39},"end":{"line":43,"column":null}},"3":{"start":{"line":53,"column":47},"end":{"line":53,"column":null}},"4":{"start":{"line":63,"column":47},"end":{"line":63,"column":null}},"5":{"start":{"line":73,"column":32},"end":{"line":75,"column":null}},"6":{"start":{"line":74,"column":36},"end":{"line":74,"column":null}}},"fnMap":{"0":{"name":"(anonymous_0)","decl":{"start":{"line":18,"column":55},"end":{"line":18,"column":56}},"loc":{"start":{"line":24,"column":6},"end":{"line":87,"column":null}},"line":24},"1":{"name":"(anonymous_1)","decl":{"start":{"line":43,"column":33},"end":{"line":43,"column":39}},"loc":{"start":{"line":43,"column":39},"end":{"line":43,"column":null}},"line":43},"2":{"name":"(anonymous_2)","decl":{"start":{"line":53,"column":41},"end":{"line":53,"column":47}},"loc":{"start":{"line":53,"column":47},"end":{"line":53,"column":null}},"line":53},"3":{"name":"(anonymous_3)","decl":{"start":{"line":63,"column":41},"end":{"line":63,"column":47}},"loc":{"start":{"line":63,"column":47},"end":{"line":63,"column":null}},"line":63},"4":{"name":"(anonymous_4)","decl":{"start":{"line":72,"column":37},"end":{"line":72,"column":43}},"loc":{"start":{"line":72,"column":43},"end":{"line":76,"column":null}},"line":72}},"branchMap":{"0":{"loc":{"start":{"line":46,"column":52},"end":{"line":46,"column":98}},"type":"cond-expr","locations":[{"start":{"line":46,"column":77},"end":{"line":46,"column":94}},{"start":{"line":46,"column":94},"end":{"line":46,"column":98}}],"line":46},"1":{"loc":{"start":{"line":51,"column":25},"end":{"line":58,"column":null}},"type":"binary-expr","locations":[{"start":{"line":51,"column":25},"end":{"line":51,"column":null}},{"start":{"line":52,"column":28},"end":{"line":58,"column":null}}],"line":51},"2":{"loc":{"start":{"line":61,"column":25},"end":{"line":68,"column":null}},"type":"binary-expr","locations":[{"start":{"line":61,"column":25},"end":{"line":61,"column":null}},{"start":{"line":62,"column":28},"end":{"line":68,"column":null}}],"line":61},"3":{"loc":{"start":{"line":73,"column":32},"end":{"line":75,"column":null}},"type":"if","locations":[{"start":{"line":73,"column":32},"end":{"line":75,"column":null}},{"start":{},"end":{}}],"line":73}},"s":{"0":1,"1":4,"2":1,"3":0,"4":0,"5":0,"6":0},"f":{"0":4,"1":1,"2":0,"3":0,"4":0},"b":{"0":[4,0],"1":[4,0],"2":[4,0],"3":[0,0]},"meta":{"lastBranch":4,"lastFunction":5,"lastStatement":7,"seen":{"s:18:55:87:Infinity":0,"f:18:55:18:56":0,"s:25:4:85:Infinity":1,"f:43:33:43:39":1,"s:43:39:43:Infinity":2,"b:46:77:46:94:46:94:46:98":0,"b:51:25:51:Infinity:52:28:58:Infinity":1,"f:53:41:53:47":2,"s:53:47:53:Infinity":3,"b:61:25:61:Infinity:62:28:68:Infinity":2,"f:63:41:63:47":3,"s:63:47:63:Infinity":4,"f:72:37:72:43":4,"b:73:32:75:Infinity:undefined:undefined:undefined:undefined":3,"s:73:32:75:Infinity":5,"s:74:36:74:Infinity":6}}}
,"C:\\Users\\Utilisateur\\Documents\\ia-prediction\\Best_Blog_Life\\FrontEndBBL\\src\\components\\common\\Button.tsx": {"path":"C:\\Users\\Utilisateur\\Documents\\ia-prediction\\Best_Blog_Life\\FrontEndBBL\\src\\components\\common\\Button.tsx","statementMap":{"0":{"start":{"line":13,"column":45},"end":{"line":47,"column":null}},"1":{"start":{"line":20,"column":23},"end":{"line":20,"column":null}},"2":{"start":{"line":26,"column":26},"end":{"line":31,"column":null}},"3":{"start":{"line":33,"column":23},"end":{"line":37,"column":null}},"4":{"start":{"line":39,"column":4},"end":{"line":45,"column":null}}},"fnMap":{"0":{"name":"(anonymous_0)","decl":{"start":{"line":13,"column":45},"end":{"line":13,"column":46}},"loc":{"start":{"line":19,"column":6},"end":{"line":47,"column":null}},"line":19}},"branchMap":{"0":{"loc":{"start":{"line":14,"column":4},"end":{"line":14,"column":null}},"type":"default-arg","locations":[{"start":{"line":14,"column":14},"end":{"line":14,"column":null}}],"line":14},"1":{"loc":{"start":{"line":15,"column":4},"end":{"line":15,"column":null}},"type":"default-arg","locations":[{"start":{"line":15,"column":11},"end":{"line":15,"column":null}}],"line":15},"2":{"loc":{"start":{"line":17,"column":4},"end":{"line":17,"column":null}},"type":"default-arg","locations":[{"start":{"line":17,"column":16},"end":{"line":17,"column":null}}],"line":17}},"s":{"0":1,"1":5,"2":5,"3":5,"4":5},"f":{"0":5},"b":{"0":[5],"1":[5],"2":[5]},"meta":{"lastBranch":3,"lastFunction":1,"lastStatement":5,"seen":{"s:13:45:47:Infinity":0,"f:13:45:13:46":0,"b:14:14:14:Infinity":0,"b:15:11:15:Infinity":1,"b:17:16:17:Infinity":2,"s:20:23:20:Infinity":1,"s:26:26:31:Infinity":2,"s:33:23:37:Infinity":3,"s:39:4:45:Infinity":4}}}
,"C:\\Users\\Utilisateur\\Documents\\ia-prediction\\Best_Blog_Life\\FrontEndBBL\\src\\components\\common\\Input.tsx": {"path":"C:\\Users\\Utilisateur\\Documents\\ia-prediction\\Best_Blog_Life\\FrontEndBBL\\src\\components\\common\\Input.tsx","statementMap":{"0":{"start":{"line":12,"column":43},"end":{"line":44,"column":null}},"1":{"start":{"line":18,"column":4},"end":{"line":42,"column":null}}},"fnMap":{"0":{"name":"(anonymous_0)","decl":{"start":{"line":12,"column":43},"end":{"line":12,"column":44}},"loc":{"start":{"line":17,"column":6},"end":{"line":44,"column":null}},"line":17}},"branchMap":{"0":{"loc":{"start":{"line":15,"column":4},"end":{"line":15,"column":null}},"type":"default-arg","locations":[{"start":{"line":15,"column":16},"end":{"line":15,"column":null}}],"line":15},"1":{"loc":{"start":{"line":20,"column":13},"end":{"line":23,"column":null}},"type":"binary-expr","locations":[{"start":{"line":20,"column":13},"end":{"line":20,"column":null}},{"start":{"line":21,"column":16},"end":{"line":23,"column":null}}],"line":20},"2":{"loc":{"start":{"line":34,"column":22},"end":{"line":34,"column":66}},"type":"cond-expr","locations":[{"start":{"line":34,"column":30},"end":{"line":34,"column":49}},{"start":{"line":34,"column":49},"end":{"line":34,"column":66}}],"line":34},"3":{"loc":{"start":{"line":39,"column":13},"end":{"line":40,"column":null}},"type":"binary-expr","locations":[{"start":{"line":39,"column":13},"end":{"line":39,"column":null}},{"start":{"line":40,"column":16},"end":{"line":40,"column":null}}],"line":39}},"s":{"0":1,"1":4},"f":{"0":4},"b":{"0":[4],"1":[4,1],"2":[2,2],"3":[4,2]},"meta":{"lastBranch":4,"lastFunction":1,"lastStatement":2,"seen":{"s:12:43:44:Infinity":0,"f:12:43:12:44":0,"b:15:16:15:Infinity":0,"s:18:4:42:Infinity":1,"b:20:13:20:Infinity:21:16:23:Infinity":1,"b:34:30:34:49:34:49:34:66":2,"b:39:13:39:Infinity:40:16:40:Infinity":3}}}
,"C:\\Users\\Utilisateur\\Documents\\ia-prediction\\Best_Blog_Life\\FrontEndBBL\\src\\components\\common\\SearchBar.tsx": {"path":"C:\\Users\\Utilisateur\\Documents\\ia-prediction\\Best_Blog_Life\\FrontEndBBL\\src\\components\\common\\SearchBar.tsx","statementMap":{"0":{"start":{"line":14,"column":51},"end":{"line":59,"column":null}},"1":{"start":{"line":20,"column":4},"end":{"line":57,"column":null}},"2":{"start":{"line":25,"column":33},"end":{"line":25,"column":null}}},"fnMap":{"0":{"name":"(anonymous_0)","decl":{"start":{"line":14,"column":51},"end":{"line":14,"column":52}},"loc":{"start":{"line":19,"column":6},"end":{"line":59,"column":null}},"line":19},"1":{"name":"(anonymous_1)","decl":{"start":{"line":25,"column":26},"end":{"line":25,"column":27}},"loc":{"start":{"line":25,"column":33},"end":{"line":25,"column":null}},"line":25}},"branchMap":{"0":{"loc":{"start":{"line":18,"column":4},"end":{"line":18,"column":null}},"type":"default-arg","locations":[{"start":{"line":18,"column":18},"end":{"line":18,"column":null}}],"line":18},"1":{"loc":{"start":{"line":44,"column":13},"end":{"line":55,"column":null}},"type":"binary-expr","locations":[{"start":{"line":44,"column":13},"end":{"line":44,"column":22}},{"start":{"line":44,"column":22},"end":{"line":44,"column":null}},{"start":{"line":45,"column":16},"end":{"line":55,"column":null}}],"line":44}},"s":{"0":1,"1":3,"2":1},"f":{"0":3,"1":1},"b":{"0":[3],"1":[3,1,1]},"meta":{"lastBranch":2,"lastFunction":2,"lastStatement":3,"seen":{"s:14:51:59:Infinity":0,"f:14:51:14:52":0,"b:18:18:18:Infinity":0,"s:20:4:57:Infinity":1,"f:25:26:25:27":1,"s:25:33:25:Infinity":2,"b:44:13:44:22:44:22:44:Infinity:45:16:55:Infinity":1}}}
,"C:\\Users\\Utilisateur\\Documents\\ia-prediction\\Best_Blog_Life\\FrontEndBBL\\src\\services\\articleService.ts": {"path":"C:\\Users\\Utilisateur\\Documents\\ia-prediction\\Best_Blog_Life\\FrontEndBBL\\src\\services\\articleService.ts","statementMap":{"0":{"start":{"line":9,"column":33},"end":{"line":9,"column":null}},"1":{"start":{"line":15,"column":8},"end":{"line":21,"column":null}},"2":{"start":{"line":16,"column":27},"end":{"line":16,"column":null}},"3":{"start":{"line":17,"column":29},"end":{"line":17,"column":null}},"4":{"start":{"line":18,"column":12},"end":{"line":18,"column":null}},"5":{"start":{"line":20,"column":12},"end":{"line":20,"column":null}},"6":{"start":{"line":28,"column":8},"end":{"line":33,"column":null}},"7":{"start":{"line":29,"column":29},"end":{"line":29,"column":null}},"8":{"start":{"line":30,"column":12},"end":{"line":30,"column":null}},"9":{"start":{"line":32,"column":12},"end":{"line":32,"column":null}},"10":{"start":{"line":40,"column":8},"end":{"line":45,"column":null}},"11":{"start":{"line":41,"column":29},"end":{"line":41,"column":null}},"12":{"start":{"line":42,"column":12},"end":{"line":42,"column":null}},"13":{"start":{"line":44,"column":12},"end":{"line":44,"column":null}},"14":{"start":{"line":52,"column":8},"end":{"line":57,"column":null}},"15":{"start":{"line":53,"column":29},"end":{"line":53,"column":null}},"16":{"start":{"line":54,"column":12},"end":{"line":54,"column":null}},"17":{"start":{"line":56,"column":12},"end":{"line":56,"column":null}},"18":{"start":{"line":64,"column":8},"end":{"line":68,"column":null}},"19":{"start":{"line":65,"column":12},"end":{"line":65,"column":null}},"20":{"start":{"line":67,"column":12},"end":{"line":67,"column":null}},"21":{"start":{"line":75,"column":8},"end":{"line":80,"column":null}},"22":{"start":{"line":76,"column":29},"end":{"line":76,"column":null}},"23":{"start":{"line":77,"column":12},"end":{"line":77,"column":null}},"24":{"start":{"line":79,"column":12},"end":{"line":79,"column":null}},"25":{"start":{"line":87,"column":24},"end":{"line":87,"column":null}},"26":{"start":{"line":88,"column":8},"end":{"line":88,"column":null}}},"fnMap":{"0":{"name":"(anonymous_0)","decl":{"start":{"line":14,"column":10},"end":{"line":14,"column":25}},"loc":{"start":{"line":14,"column":62},"end":{"line":22,"column":null}},"line":14},"1":{"name":"(anonymous_1)","decl":{"start":{"line":27,"column":10},"end":{"line":27,"column":25}},"loc":{"start":{"line":27,"column":55},"end":{"line":34,"column":null}},"line":27},"2":{"name":"(anonymous_2)","decl":{"start":{"line":39,"column":10},"end":{"line":39,"column":24}},"loc":{"start":{"line":39,"column":69},"end":{"line":46,"column":null}},"line":39},"3":{"name":"(anonymous_3)","decl":{"start":{"line":51,"column":10},"end":{"line":51,"column":24}},"loc":{"start":{"line":51,"column":81},"end":{"line":58,"column":null}},"line":51},"4":{"name":"(anonymous_4)","decl":{"start":{"line":63,"column":10},"end":{"line":63,"column":24}},"loc":{"start":{"line":63,"column":51},"end":{"line":69,"column":null}},"line":63},"5":{"name":"(anonymous_5)","decl":{"start":{"line":74,"column":10},"end":{"line":74,"column":22}},"loc":{"start":{"line":74,"column":52},"end":{"line":81,"column":null}},"line":74},"6":{"name":"(anonymous_6)","decl":{"start":{"line":86,"column":12},"end":{"line":86,"column":24}},"loc":{"start":{"line":86,"column":67},"end":{"line":89,"column":null}},"line":86}},"branchMap":{"0":{"loc":{"start":{"line":16,"column":27},"end":{"line":16,"column":null}},"type":"cond-expr","locations":[{"start":{"line":16,"column":36},"end":{"line":16,"column":49}},{"start":{"line":16,"column":49},"end":{"line":16,"column":null}}],"line":16},"1":{"loc":{"start":{"line":87,"column":24},"end":{"line":87,"column":null}},"type":"binary-expr","locations":[{"start":{"line":87,"column":24},"end":{"line":87,"column":56}},{"start":{"line":87,"column":56},"end":{"line":87,"column":null}}],"line":87}},"s":{"0":1,"1":3,"2":3,"3":3,"4":2,"5":1,"6":0,"7":0,"8":0,"9":0,"10":1,"11":1,"12":1,"13":0,"14":0,"15":0,"16":0,"17":0,"18":1,"19":1,"20":0,"21":1,"22":1,"23":1,"24":0,"25":1,"26":1},"f":{"0":3,"1":0,"2":1,"3":0,"4":1,"5":1,"6":1},"b":{"0":[1,2],"1":[1,1]},"meta":{"lastBranch":2,"lastFunction":7,"lastStatement":27,"seen":{"s:9:33:9:Infinity":0,"f:14:10:14:25":0,"s:15:8:21:Infinity":1,"s:16:27:16:Infinity":2,"b:16:36:16:49:16:49:16:Infinity":0,"s:17:29:17:Infinity":3,"s:18:12:18:Infinity":4,"s:20:12:20:Infinity":5,"f:27:10:27:25":1,"s:28:8:33:Infinity":6,"s:29:29:29:Infinity":7,"s:30:12:30:Infinity":8,"s:32:12:32:Infinity":9,"f:39:10:39:24":2,"s:40:8:45:Infinity":10,"s:41:29:41:Infinity":11,"s:42:12:42:Infinity":12,"s:44:12:44:Infinity":13,"f:51:10:51:24":3,"s:52:8:57:Infinity":14,"s:53:29:53:Infinity":15,"s:54:12:54:Infinity":16,"s:56:12:56:Infinity":17,"f:63:10:63:24":4,"s:64:8:68:Infinity":18,"s:65:12:65:Infinity":19,"s:67:12:67:Infinity":20,"f:74:10:74:22":5,"s:75:8:80:Infinity":21,"s:76:29:76:Infinity":22,"s:77:12:77:Infinity":23,"s:79:12:79:Infinity":24,"f:86:12:86:24":6,"s:87:24:87:Infinity":25,"b:87:24:87:56:87:56:87:Infinity":1,"s:88:8:88:Infinity":26}}}
,"C:\\Users\\Utilisateur\\Documents\\ia-prediction\\Best_Blog_Life\\FrontEndBBL\\src\\utils\\dateFormatter.ts": {"path":"C:\\Users\\Utilisateur\\Documents\\ia-prediction\\Best_Blog_Life\\FrontEndBBL\\src\\utils\\dateFormatter.ts","statementMap":{"0":{"start":{"line":5,"column":26},"end":{"line":11,"column":null}},"1":{"start":{"line":6,"column":4},"end":{"line":10,"column":null}},"2":{"start":{"line":13,"column":30},"end":{"line":21,"column":null}},"3":{"start":{"line":14,"column":4},"end":{"line":20,"column":null}},"4":{"start":{"line":23,"column":34},"end":{"line":34,"column":null}},"5":{"start":{"line":24,"column":17},"end":{"line":24,"column":null}},"6":{"start":{"line":25,"column":16},"end":{"line":25,"column":null}},"7":{"start":{"line":26,"column":26},"end":{"line":26,"column":null}},"8":{"start":{"line":28,"column":4},"end":{"line":28,"column":null}},"9":{"start":{"line":28,"column":28},"end":{"line":28,"column":null}},"10":{"start":{"line":29,"column":4},"end":{"line":29,"column":null}},"11":{"start":{"line":29,"column":30},"end":{"line":29,"column":null}},"12":{"start":{"line":30,"column":4},"end":{"line":30,"column":null}},"13":{"start":{"line":30,"column":31},"end":{"line":30,"column":null}},"14":{"start":{"line":31,"column":4},"end":{"line":31,"column":null}},"15":{"start":{"line":31,"column":32},"end":{"line":31,"column":null}},"16":{"start":{"line":33,"column":4},"end":{"line":33,"column":null}}},"fnMap":{"0":{"name":"(anonymous_0)","decl":{"start":{"line":5,"column":26},"end":{"line":5,"column":27}},"loc":{"start":{"line":5,"column":58},"end":{"line":11,"column":null}},"line":5},"1":{"name":"(anonymous_1)","decl":{"start":{"line":13,"column":30},"end":{"line":13,"column":31}},"loc":{"start":{"line":13,"column":62},"end":{"line":21,"column":null}},"line":13},"2":{"name":"(anonymous_2)","decl":{"start":{"line":23,"column":34},"end":{"line":23,"column":35}},"loc":{"start":{"line":23,"column":66},"end":{"line":34,"column":null}},"line":23}},"branchMap":{"0":{"loc":{"start":{"line":28,"column":4},"end":{"line":28,"column":null}},"type":"if","locations":[{"start":{"line":28,"column":4},"end":{"line":28,"column":null}},{"start":{},"end":{}}],"line":28},"1":{"loc":{"start":{"line":29,"column":4},"end":{"line":29,"column":null}},"type":"if","locations":[{"start":{"line":29,"column":4},"end":{"line":29,"column":null}},{"start":{},"end":{}}],"line":29},"2":{"loc":{"start":{"line":30,"column":4},"end":{"line":30,"column":null}},"type":"if","locations":[{"start":{"line":30,"column":4},"end":{"line":30,"column":null}},{"start":{},"end":{}}],"line":30},"3":{"loc":{"start":{"line":31,"column":4},"end":{"line":31,"column":null}},"type":"if","locations":[{"start":{"line":31,"column":4},"end":{"line":31,"column":null}},{"start":{},"end":{}}],"line":31}},"s":{"0":2,"1":5,"2":2,"3":0,"4":2,"5":7,"6":7,"7":7,"8":7,"9":1,"10":6,"11":6,"12":5,"13":1,"14":4,"15":0,"16":4},"f":{"0":5,"1":0,"2":7},"b":{"0":[1,6],"1":[1,5],"2":[1,4],"3":[0,4]},"meta":{"lastBranch":4,"lastFunction":3,"lastStatement":17,"seen":{"s:5:26:11:Infinity":0,"f:5:26:5:27":0,"s:6:4:10:Infinity":1,"s:13:30:21:Infinity":2,"f:13:30:13:31":1,"s:14:4:20:Infinity":3,"s:23:34:34:Infinity":4,"f:23:34:23:35":2,"s:24:17:24:Infinity":5,"s:25:16:25:Infinity":6,"s:26:26:26:Infinity":7,"b:28:4:28:Infinity:undefined:undefined:undefined:undefined":0,"s:28:4:28:Infinity":8,"s:28:28:28:Infinity":9,"b:29:4:29:Infinity:undefined:undefined:undefined:undefined":1,"s:29:4:29:Infinity":10,"s:29:30:29:Infinity":11,"b:30:4:30:Infinity:undefined:undefined:undefined:undefined":2,"s:30:4:30:Infinity":12,"s:30:31:30:Infinity":13,"b:31:4:31:Infinity:undefined:undefined:undefined:undefined":3,"s:31:4:31:Infinity":14,"s:31:32:31:Infinity":15,"s:33:4:33:Infinity":16}}}
,"C:\\Users\\Utilisateur\\Documents\\ia-prediction\\Best_Blog_Life\\FrontEndBBL\\src\\utils\\validators.ts": {"path":"C:\\Users\\Utilisateur\\Documents\\ia-prediction\\Best_Blog_Life\\FrontEndBBL\\src\\utils\\validators.ts","statementMap":{"0":{"start":{"line":5,"column":36},"end":{"line":16,"column":null}},"1":{"start":{"line":6,"column":4},"end":{"line":8,"column":null}},"2":{"start":{"line":7,"column":8},"end":{"line":7,"column":null}},"3":{"start":{"line":9,"column":4},"end":{"line":11,"column":null}},"4":{"start":{"line":10,"column":8},"end":{"line":10,"column":null}},"5":{"start":{"line":12,"column":4},"end":{"line":14,"column":null}},"6":{"start":{"line":13,"column":8},"end":{"line":13,"column":null}},"7":{"start":{"line":15,"column":4},"end":{"line":15,"column":null}},"8":{"start":{"line":18,"column":38},"end":{"line":26,"column":null}},"9":{"start":{"line":19,"column":4},"end":{"line":21,"column":null}},"10":{"start":{"line":20,"column":8},"end":{"line":20,"column":null}},"11":{"start":{"line":22,"column":4},"end":{"line":24,"column":null}},"12":{"start":{"line":23,"column":8},"end":{"line":23,"column":null}},"13":{"start":{"line":25,"column":4},"end":{"line":25,"column":null}},"14":{"start":{"line":28,"column":30},"end":{"line":39,"column":null}},"15":{"start":{"line":29,"column":4},"end":{"line":31,"column":null}},"16":{"start":{"line":30,"column":8},"end":{"line":30,"column":null}},"17":{"start":{"line":32,"column":4},"end":{"line":34,"column":null}},"18":{"start":{"line":33,"column":8},"end":{"line":33,"column":null}},"19":{"start":{"line":35,"column":4},"end":{"line":37,"column":null}},"20":{"start":{"line":36,"column":8},"end":{"line":36,"column":null}},"21":{"start":{"line":38,"column":4},"end":{"line":38,"column":null}}},"fnMap":{"0":{"name":"(anonymous_0)","decl":{"start":{"line":5,"column":36},"end":{"line":5,"column":37}},"loc":{"start":{"line":5,"column":70},"end":{"line":16,"column":null}},"line":5},"1":{"name":"(anonymous_1)","decl":{"start":{"line":18,"column":38},"end":{"line":18,"column":39}},"loc":{"start":{"line":18,"column":74},"end":{"line":26,"column":null}},"line":18},"2":{"name":"(anonymous_2)","decl":{"start":{"line":28,"column":30},"end":{"line":28,"column":31}},"loc":{"start":{"line":28,"column":65},"end":{"line":39,"column":null}},"line":28}},"branchMap":{"0":{"loc":{"start":{"line":6,"column":4},"end":{"line":8,"column":null}},"type":"if","locations":[{"start":{"line":6,"column":4},"end":{"line":8,"column":null}},{"start":{},"end":{}}],"line":6},"1":{"loc":{"start":{"line":9,"column":4},"end":{"line":11,"column":null}},"type":"if","locations":[{"start":{"line":9,"column":4},"end":{"line":11,"column":null}},{"start":{},"end":{}}],"line":9},"2":{"loc":{"start":{"line":12,"column":4},"end":{"line":14,"column":null}},"type":"if","locations":[{"start":{"line":12,"column":4},"end":{"line":14,"column":null}},{"start":{},"end":{}}],"line":12},"3":{"loc":{"start":{"line":19,"column":4},"end":{"line":21,"column":null}},"type":"if","locations":[{"start":{"line":19,"column":4},"end":{"line":21,"column":null}},{"start":{},"end":{}}],"line":19},"4":{"loc":{"start":{"line":22,"column":4},"end":{"line":24,"column":null}},"type":"if","locations":[{"start":{"line":22,"column":4},"end":{"line":24,"column":null}},{"start":{},"end":{}}],"line":22},"5":{"loc":{"start":{"line":29,"column":4},"end":{"line":31,"column":null}},"type":"if","locations":[{"start":{"line":29,"column":4},"end":{"line":31,"column":null}},{"start":{},"end":{}}],"line":29},"6":{"loc":{"start":{"line":32,"column":4},"end":{"line":34,"column":null}},"type":"if","locations":[{"start":{"line":32,"column":4},"end":{"line":34,"column":null}},{"start":{},"end":{}}],"line":32},"7":{"loc":{"start":{"line":35,"column":4},"end":{"line":37,"column":null}},"type":"if","locations":[{"start":{"line":35,"column":4},"end":{"line":37,"column":null}},{"start":{},"end":{}}],"line":35}},"s":{"0":1,"1":5,"2":2,"3":3,"4":1,"5":2,"6":1,"7":1,"8":1,"9":3,"10":1,"11":2,"12":1,"13":1,"14":1,"15":4,"16":1,"17":3,"18":1,"19":2,"20":1,"21":1},"f":{"0":5,"1":3,"2":4},"b":{"0":[2,3],"1":[1,2],"2":[1,1],"3":[1,2],"4":[1,1],"5":[1,3],"6":[1,2],"7":[1,1]},"meta":{"lastBranch":8,"lastFunction":3,"lastStatement":22,"seen":{"s:5:36:16:Infinity":0,"f:5:36:5:37":0,"b:6:4:8:Infinity:undefined:undefined:undefined:undefined":0,"s:6:4:8:Infinity":1,"s:7:8:7:Infinity":2,"b:9:4:11:Infinity:undefined:undefined:undefined:undefined":1,"s:9:4:11:Infinity":3,"s:10:8:10:Infinity":4,"b:12:4:14:Infinity:undefined:undefined:undefined:undefined":2,"s:12:4:14:Infinity":5,"s:13:8:13:Infinity":6,"s:15:4:15:Infinity":7,"s:18:38:26:Infinity":8,"f:18:38:18:39":1,"b:19:4:21:Infinity:undefined:undefined:undefined:undefined":3,"s:19:4:21:Infinity":9,"s:20:8:20:Infinity":10,"b:22:4:24:Infinity:undefined:undefined:undefined:undefined":4,"s:22:4:24:Infinity":11,"s:23:8:23:Infinity":12,"s:25:4:25:Infinity":13,"s:28:30:39:Infinity":14,"f:28:30:28:31":2,"b:29:4:31:Infinity:undefined:undefined:undefined:undefined":5,"s:29:4:31:Infinity":15,"s:30:8:30:Infinity":16,"b:32:4:34:Infinity:undefined:undefined:undefined:undefined":6,"s:32:4:34:Infinity":17,"s:33:8:33:Infinity":18,"b:35:4:37:Infinity:undefined:undefined:undefined:undefined":7,"s:35:4:37:Infinity":19,"s:36:8:36:Infinity":20,"s:38:4:38:Infinity":21}}}
}
